|I|00:00:14.651|7DD48330| -----------------------------------------------------
|I|00:00:14.663|7DD48330| SYS-CON started 1.4.3+0-0682ed5 (Build date: Oct 19 2024 09:53:24)
|I|00:00:14.674|7DD48330| OS version: 19.0.1 (Built with Atmosphere 1.7.x-1.8.x-989fb7be)
|E|00:00:14.683|7DD48330| Unable to open configuration file: 'sdmc:/config/sys-con/config.ini' !
|I|00:00:14.690|7DD48330| USB configuration: Discovery mode(0), Auto add controller(true)
|I|00:00:14.564|53748330| -----------------------------------------------------
|I|00:00:14.573|53748330| SYS-CON started 1.4.3+0-0682ed5 (Build date: Oct 19 2024 09:53:24)
|I|00:00:14.582|53748330| OS version: 19.0.1 (Built with Atmosphere 1.7.x-1.8.x-989fb7be)
|E|00:00:14.595|53748330| Unable to open configuration file: 'sdmc:/config/sys-con/config.ini' !
|I|00:00:14.601|53748330| USB configuration: Discovery mode(0), Auto add controller(true)
|I|00:00:14.564|4ED48330| -----------------------------------------------------
|I|00:00:14.573|4ED48330| SYS-CON started 1.4.3+0-0682ed5 (Build date: Oct 19 2024 09:53:24)
|I|00:00:14.582|4ED48330| OS version: 19.0.1 (Built with Atmosphere 1.7.x-1.8.x-989fb7be)
|E|00:00:14.592|4ED48330| Unable to open configuration file: 'sdmc:/config/sys-con/config.ini' !
|I|00:00:14.601|4ED48330| USB configuration: Discovery mode(0), Auto add controller(true)
|I|00:00:14.638|3A548330| -----------------------------------------------------
|I|00:00:14.645|3A548330| SYS-CON started 1.4.3+0-0682ed5 (Build date: Oct 19 2024 09:53:24)
|I|00:00:14.654|3A548330| OS version: 19.0.1 (Built with Atmosphere 1.7.x-1.8.x-989fb7be)
|E|00:00:14.664|3A548330| Unable to open configuration file: 'sdmc:/config/sys-con/config.ini' !
|I|00:00:14.676|3A548330| USB configuration: Discovery mode(0), Auto add controller(true)
|I|00:00:14.605|16548330| -----------------------------------------------------
|I|00:00:14.615|16548330| SYS-CON started 1.4.3+0-0682ed5 (Build date: Oct 19 2024 09:53:24)
|I|00:00:14.626|16548330| OS version: 19.0.1 (Built with Atmosphere 1.7.x-1.8.x-989fb7be)
|I|00:00:14.790|16548330| USB configuration: Discovery mode(0), Auto add controller(true)
|I|00:00:14.489|34348330| -----------------------------------------------------
|I|00:00:14.500|34348330| SYS-CON started 1.4.3+0-0682ed5 (Build date: Oct 19 2024 09:53:24)
|I|00:00:14.510|34348330| OS version: 19.0.1 (Built with Atmosphere 1.7.x-1.8.x-989fb7be)
|I|00:00:14.674|34348330| USB configuration: Discovery mode(0), Auto add controller(true)
|I|00:00:14.432|11148330| -----------------------------------------------------
|I|00:00:14.440|11148330| SYS-CON started 1.4.3+0-0682ed5 (Build date: Oct 19 2024 09:53:24)
|I|00:00:14.449|11148330| OS version: 19.0.1 (Built with Atmosphere 1.7.x-1.8.x-989fb7be)
|I|00:00:14.611|11148330| USB configuration: Discovery mode(0), Auto add controller(true)
|I|00:00:14.145|4D348330| -----------------------------------------------------
|I|00:00:14.152|4D348330| SYS-CON started 1.4.3+0-0682ed5 (Build date: Oct 19 2024 09:53:24)
|I|00:00:14.159|4D348330| OS version: 19.0.1 (Built with Atmosphere 1.7.x-1.8.x-989fb7be)
|I|00:00:14.324|4D348330| USB configuration: Discovery mode(0), Auto add controller(true)
|I|00:00:14.832|1AB48330| -----------------------------------------------------
|I|00:00:14.844|1AB48330| SYS-CON started 1.4.3+0-0682ed5 (Build date: Oct 19 2024 09:53:24)
|I|00:00:14.850|1AB48330| OS version: 19.0.1 (Built with Atmosphere 1.7.x-1.8.x-989fb7be)
|I|00:00:15.018|1AB48330| USB configuration: Discovery mode(0), Auto add controller(true)
|I|00:00:14.827|27948330| -----------------------------------------------------
|I|00:00:14.837|27948330| SYS-CON started 1.4.3+0-0682ed5 (Build date: Oct 19 2024 09:53:24)
|I|00:00:14.848|27948330| OS version: 19.0.1 (Built with Atmosphere 1.7.x-1.8.x-989fb7be)
|I|00:00:15.014|27948330| USB configuration: Discovery mode(0), Auto add controller(true)
|I|00:00:14.713|67348330| -----------------------------------------------------
|I|00:00:14.723|67348330| SYS-CON started 1.4.3+0-0682ed5 (Build date: Oct 19 2024 09:53:24)
|I|00:00:14.732|67348330| OS version: 19.0.1 (Built with Atmosphere 1.7.x-1.8.x-989fb7be)
|I|00:00:14.899|67348330| USB configuration: Discovery mode(0), Auto add controller(true)
|I|00:00:14.706|2A348330| -----------------------------------------------------
|I|00:00:14.721|2A348330| SYS-CON started 1.4.3+0-0682ed5 (Build date: Oct 19 2024 09:53:24)
|I|00:00:14.727|2A348330| OS version: 19.0.1 (Built with Atmosphere 1.7.x-1.8.x-989fb7be)
|I|00:00:14.895|2A348330| USB configuration: Discovery mode(0), Auto add controller(true)
|I|00:00:14.583|38948330| -----------------------------------------------------
|I|00:00:14.594|38948330| SYS-CON started 1.4.3+0-0682ed5 (Build date: Oct 19 2024 09:53:24)
|I|00:00:14.606|38948330| OS version: 19.0.1 (Built with Atmosphere 1.7.x-1.8.x-989fb7be)
|I|00:00:14.768|38948330| USB configuration: Discovery mode(0), Auto add controller(true)
|I|00:00:14.444|50D48330| -----------------------------------------------------
|I|00:00:14.459|50D48330| SYS-CON started 1.4.3+0-0682ed5 (Build date: Oct 19 2024 09:53:24)
|I|00:00:14.465|50D48330| OS version: 19.0.1 (Built with Atmosphere 1.7.x-1.8.x-989fb7be)
|I|00:00:14.627|50D48330| USB configuration: Discovery mode(0), Auto add controller(true)
|I|00:00:14.773|08348330| -----------------------------------------------------
|I|00:00:14.785|08348330| SYS-CON started 1.4.3+0-0682ed5 (Build date: Oct 19 2024 09:53:24)
|I|00:00:14.796|08348330| OS version: 19.0.1 (Built with Atmosphere 1.7.x-1.8.x-989fb7be)
|I|00:00:14.959|08348330| USB configuration: Discovery mode(0), Auto add controller(true)
|I|00:00:14.753|4B548330| -----------------------------------------------------
|I|00:00:14.762|4B548330| SYS-CON started 1.4.3+0-0682ed5 (Build date: Oct 19 2024 09:53:24)
|I|00:00:14.772|4B548330| OS version: 19.0.1 (Built with Atmosphere 1.7.x-1.8.x-989fb7be)
|I|00:00:14.941|4B548330| USB configuration: Discovery mode(0), Auto add controller(true)
|I|00:00:14.537|24B48330| -----------------------------------------------------
|I|00:00:14.549|24B48330| SYS-CON started 1.4.3+0-0682ed5 (Build date: Oct 19 2024 09:53:24)
|I|00:00:14.556|24B48330| OS version: 19.0.1 (Built with Atmosphere 1.7.x-1.8.x-989fb7be)
|I|00:00:14.718|24B48330| USB configuration: Discovery mode(0), Auto add controller(true)
|I|00:00:14.771|2E148330| -----------------------------------------------------
|I|00:00:14.780|2E148330| SYS-CON started 1.4.3+0-0682ed5 (Build date: Oct 19 2024 09:53:24)
|I|00:00:14.790|2E148330| OS version: 19.0.1 (Built with Atmosphere 1.7.x-1.8.x-989fb7be)
|I|00:00:14.955|2E148330| USB configuration: Discovery mode(0), Auto add controller(true)
|I|00:00:14.689|12948330| -----------------------------------------------------
|I|00:00:14.698|12948330| SYS-CON started 1.4.3+0-0682ed5 (Build date: Oct 19 2024 09:53:24)
|I|00:00:14.708|12948330| OS version: 19.0.1 (Built with Atmosphere 1.7.x-1.8.x-989fb7be)
|I|00:00:14.877|12948330| USB configuration: Discovery mode(0), Auto add controller(true)
